<?xml version="1.0" encoding="UTF-8"?>
<!-- Generated by org.testng.reporters.JUnitReportReporter -->
<testsuite skipped="0" hostname="Nejlas-MacBook-Air.local" name="com.prestashop.tests.PrestaShopPositiveScenerios" tests="1" failures="0" timestamp="27 Jun 2018 21:41:02 GMT" time="10.408" errors="0">
  <testcase name="loginTest" time="10.408" classname="com.prestashop.tests.PrestaShopPositiveScenerios"/>
</testsuite> <!-- com.prestashop.tests.PrestaShopPositiveScenerios -->
